2019-04-25 09:36:40.4782|DEBUG|Activity|Blocks|Adding block|{"Type":"Microsoft.DPrep.GetFilesBlock","id":"5d72163c-927d-47e5-9251-3c76c8d9bb04","position":0,"ActivityId":"ed2439ba-44d7-4e7b-9e06-9a6f0b7bd805","BranchId":"00000000-0000-0000-0000-000000000000"}|3c2f3998-6735-11e9-bf24-c49ded8d7b5c
2019-04-25 09:36:48.7869|DEBUG|Activity|Blocks|Adding block|{"Type":"Microsoft.DPrep.GetFilesBlock","id":"5d72163c-927d-47e5-9251-3c76c8d9bb04","position":0,"ActivityId":"388cfab9-66de-47fe-a3fa-0a0b90459dec","BranchId":"00000000-0000-0000-0000-000000000000"}|3c2f3998-6735-11e9-bf24-c49ded8d7b5c
2019-04-25 09:36:48.7869|DEBUG|Activity|Blocks|Adding block|{"Type":"Microsoft.DPrep.ParseDelimitedBlock","id":"00fc5f97-3495-44e0-a4a1-fc33dcd7bd11","position":1,"ActivityId":"388cfab9-66de-47fe-a3fa-0a0b90459dec","BranchId":"00000000-0000-0000-0000-000000000000"}|3c2f3998-6735-11e9-bf24-c49ded8d7b5c
2019-04-25 09:36:48.8000|DEBUG|Activity|Blocks|Adding block|{"Type":"Microsoft.DPrep.DropColumnsBlock","id":"e0faea48-bb75-4998-ac3e-238ae91472f6","position":2,"ActivityId":"388cfab9-66de-47fe-a3fa-0a0b90459dec","BranchId":"00000000-0000-0000-0000-000000000000"}|3c2f3998-6735-11e9-bf24-c49ded8d7b5c
2019-04-25 09:36:49.6668|DEBUG|Activity|Blocks|Adding block|{"Type":"Microsoft.DPrep.GetFilesBlock","id":"5d72163c-927d-47e5-9251-3c76c8d9bb04","position":0,"ActivityId":"b1a2305a-0207-4470-88f6-b6643483c2ef","BranchId":"00000000-0000-0000-0000-000000000000"}|3c2f3998-6735-11e9-bf24-c49ded8d7b5c
2019-04-25 09:36:49.6668|DEBUG|Activity|Blocks|Adding block|{"Type":"Microsoft.DPrep.ParseDelimitedBlock","id":"00fc5f97-3495-44e0-a4a1-fc33dcd7bd11","position":1,"ActivityId":"b1a2305a-0207-4470-88f6-b6643483c2ef","BranchId":"00000000-0000-0000-0000-000000000000"}|3c2f3998-6735-11e9-bf24-c49ded8d7b5c
2019-04-25 09:36:49.6668|DEBUG|Activity|Blocks|Adding block|{"Type":"Microsoft.DPrep.DropColumnsBlock","id":"e0faea48-bb75-4998-ac3e-238ae91472f6","position":2,"ActivityId":"b1a2305a-0207-4470-88f6-b6643483c2ef","BranchId":"00000000-0000-0000-0000-000000000000"}|3c2f3998-6735-11e9-bf24-c49ded8d7b5c
2019-04-25 09:36:49.6668|DEBUG|Activity|Blocks|Adding block|{"Type":"Microsoft.DPrep.SetColumnTypesBlock","id":"0e117b9e-ff67-4ac8-b5d3-e25d082f4519","position":3,"ActivityId":"b1a2305a-0207-4470-88f6-b6643483c2ef","BranchId":"00000000-0000-0000-0000-000000000000"}|3c2f3998-6735-11e9-bf24-c49ded8d7b5c
2019-04-25 09:36:49.7018|DEBUG|Activity|Blocks|Adding block|{"Type":"Microsoft.DPrep.TakeBlock","id":"e87f5a44-89c2-4946-80e6-cda9e3c80aba","position":4,"ActivityId":"b1a2305a-0207-4470-88f6-b6643483c2ef","BranchId":"00000000-0000-0000-0000-000000000000"}|3c2f3998-6735-11e9-bf24-c49ded8d7b5c
2019-04-25 09:36:49.9334|DEBUG|Activity|Blocks|Adding block|{"Type":"Microsoft.DPrep.GetFilesBlock","id":"5d72163c-927d-47e5-9251-3c76c8d9bb04","position":0,"ActivityId":"3f087809-7385-4d23-b31a-776478b1cdf1","BranchId":"00000000-0000-0000-0000-000000000000"}|3c2f3998-6735-11e9-bf24-c49ded8d7b5c
2019-04-25 09:36:49.9334|DEBUG|Activity|Blocks|Adding block|{"Type":"Microsoft.DPrep.ParseDelimitedBlock","id":"00fc5f97-3495-44e0-a4a1-fc33dcd7bd11","position":1,"ActivityId":"3f087809-7385-4d23-b31a-776478b1cdf1","BranchId":"00000000-0000-0000-0000-000000000000"}|3c2f3998-6735-11e9-bf24-c49ded8d7b5c
2019-04-25 09:36:49.9334|DEBUG|Activity|Blocks|Adding block|{"Type":"Microsoft.DPrep.DropColumnsBlock","id":"e0faea48-bb75-4998-ac3e-238ae91472f6","position":2,"ActivityId":"3f087809-7385-4d23-b31a-776478b1cdf1","BranchId":"00000000-0000-0000-0000-000000000000"}|3c2f3998-6735-11e9-bf24-c49ded8d7b5c
2019-04-25 09:36:49.9334|DEBUG|Activity|Blocks|Adding block|{"Type":"Microsoft.DPrep.SetColumnTypesBlock","id":"0e117b9e-ff67-4ac8-b5d3-e25d082f4519","position":3,"ActivityId":"3f087809-7385-4d23-b31a-776478b1cdf1","BranchId":"00000000-0000-0000-0000-000000000000"}|3c2f3998-6735-11e9-bf24-c49ded8d7b5c
2019-04-25 09:36:49.9334|DEBUG|Activity|Blocks|Adding block|{"Type":"Microsoft.DPrep.TakeBlock","id":"e87f5a44-89c2-4946-80e6-cda9e3c80aba","position":4,"ActivityId":"3f087809-7385-4d23-b31a-776478b1cdf1","BranchId":"00000000-0000-0000-0000-000000000000"}|3c2f3998-6735-11e9-bf24-c49ded8d7b5c
2019-04-25 09:36:49.9334|DEBUG|Activity|Blocks|Adding block|{"Type":"Microsoft.DPrep.WriteDataSetBlock","id":"e9aca4cc-7136-4b5d-9b6f-665eaa1114c4","position":5,"ActivityId":"3f087809-7385-4d23-b31a-776478b1cdf1","BranchId":"00000000-0000-0000-0000-000000000000"}|3c2f3998-6735-11e9-bf24-c49ded8d7b5c
2019-04-25 09:39:03.8299|DEBUG|Activity|Blocks|Adding block|{"Type":"Microsoft.DPrep.GetFilesBlock","id":"5d72163c-927d-47e5-9251-3c76c8d9bb04","position":0,"ActivityId":"85e89037-6bc7-41a7-9f2e-e12908ef0ca2","BranchId":"00000000-0000-0000-0000-000000000000"}|3c2f3998-6735-11e9-bf24-c49ded8d7b5c
2019-04-25 09:39:03.8299|DEBUG|Activity|Blocks|Adding block|{"Type":"Microsoft.DPrep.ParseDelimitedBlock","id":"00fc5f97-3495-44e0-a4a1-fc33dcd7bd11","position":1,"ActivityId":"85e89037-6bc7-41a7-9f2e-e12908ef0ca2","BranchId":"00000000-0000-0000-0000-000000000000"}|3c2f3998-6735-11e9-bf24-c49ded8d7b5c
2019-04-25 09:39:03.8299|DEBUG|Activity|Blocks|Adding block|{"Type":"Microsoft.DPrep.DropColumnsBlock","id":"e0faea48-bb75-4998-ac3e-238ae91472f6","position":2,"ActivityId":"85e89037-6bc7-41a7-9f2e-e12908ef0ca2","BranchId":"00000000-0000-0000-0000-000000000000"}|3c2f3998-6735-11e9-bf24-c49ded8d7b5c
2019-04-25 09:39:03.8299|DEBUG|Activity|Blocks|Adding block|{"Type":"Microsoft.DPrep.SetColumnTypesBlock","id":"0e117b9e-ff67-4ac8-b5d3-e25d082f4519","position":3,"ActivityId":"85e89037-6bc7-41a7-9f2e-e12908ef0ca2","BranchId":"00000000-0000-0000-0000-000000000000"}|3c2f3998-6735-11e9-bf24-c49ded8d7b5c
2019-04-25 09:39:03.8489|DEBUG|Activity|Blocks|Adding block|{"Type":"Microsoft.DPrep.GetFilesBlock","id":"5d72163c-927d-47e5-9251-3c76c8d9bb04","position":0,"ActivityId":"19897fec-4373-4b53-a3a9-2ef66d598f9e","BranchId":"00000000-0000-0000-0000-000000000000"}|3c2f3998-6735-11e9-bf24-c49ded8d7b5c
2019-04-25 09:39:03.8489|DEBUG|Activity|Blocks|Adding block|{"Type":"Microsoft.DPrep.ParseDelimitedBlock","id":"00fc5f97-3495-44e0-a4a1-fc33dcd7bd11","position":1,"ActivityId":"19897fec-4373-4b53-a3a9-2ef66d598f9e","BranchId":"00000000-0000-0000-0000-000000000000"}|3c2f3998-6735-11e9-bf24-c49ded8d7b5c
2019-04-25 09:39:03.8489|DEBUG|Activity|Blocks|Adding block|{"Type":"Microsoft.DPrep.DropColumnsBlock","id":"e0faea48-bb75-4998-ac3e-238ae91472f6","position":2,"ActivityId":"19897fec-4373-4b53-a3a9-2ef66d598f9e","BranchId":"00000000-0000-0000-0000-000000000000"}|3c2f3998-6735-11e9-bf24-c49ded8d7b5c
2019-04-25 09:39:03.8489|DEBUG|Activity|Blocks|Adding block|{"Type":"Microsoft.DPrep.SetColumnTypesBlock","id":"0e117b9e-ff67-4ac8-b5d3-e25d082f4519","position":3,"ActivityId":"19897fec-4373-4b53-a3a9-2ef66d598f9e","BranchId":"00000000-0000-0000-0000-000000000000"}|3c2f3998-6735-11e9-bf24-c49ded8d7b5c
2019-04-25 09:39:25.2776|DEBUG|Activity|Blocks|Adding block|{"Type":"Microsoft.DPrep.GetFilesBlock","id":"5d72163c-927d-47e5-9251-3c76c8d9bb04","position":0,"ActivityId":"6b5e1869-c30e-484f-8f2d-ba2a0a990130","BranchId":"00000000-0000-0000-0000-000000000000"}|3c2f3998-6735-11e9-bf24-c49ded8d7b5c
2019-04-25 09:39:25.2776|DEBUG|Activity|Blocks|Adding block|{"Type":"Microsoft.DPrep.ParseDelimitedBlock","id":"00fc5f97-3495-44e0-a4a1-fc33dcd7bd11","position":1,"ActivityId":"6b5e1869-c30e-484f-8f2d-ba2a0a990130","BranchId":"00000000-0000-0000-0000-000000000000"}|3c2f3998-6735-11e9-bf24-c49ded8d7b5c
2019-04-25 09:39:25.2776|DEBUG|Activity|Blocks|Adding block|{"Type":"Microsoft.DPrep.DropColumnsBlock","id":"e0faea48-bb75-4998-ac3e-238ae91472f6","position":2,"ActivityId":"6b5e1869-c30e-484f-8f2d-ba2a0a990130","BranchId":"00000000-0000-0000-0000-000000000000"}|3c2f3998-6735-11e9-bf24-c49ded8d7b5c
2019-04-25 09:39:25.2776|DEBUG|Activity|Blocks|Adding block|{"Type":"Microsoft.DPrep.SetColumnTypesBlock","id":"0e117b9e-ff67-4ac8-b5d3-e25d082f4519","position":3,"ActivityId":"6b5e1869-c30e-484f-8f2d-ba2a0a990130","BranchId":"00000000-0000-0000-0000-000000000000"}|3c2f3998-6735-11e9-bf24-c49ded8d7b5c
2019-04-25 09:39:25.2776|DEBUG|Activity|Blocks|Adding block|{"Type":"Microsoft.DPrep.KeepColumnsBlock","id":"cc0feede-46cb-4f1d-8e84-60757006b0fb","position":4,"ActivityId":"6b5e1869-c30e-484f-8f2d-ba2a0a990130","BranchId":"00000000-0000-0000-0000-000000000000"}|3c2f3998-6735-11e9-bf24-c49ded8d7b5c
2019-04-25 09:39:25.2943|DEBUG|Activity|Blocks|Adding block|{"Type":"Microsoft.DPrep.GetFilesBlock","id":"5d72163c-927d-47e5-9251-3c76c8d9bb04","position":0,"ActivityId":"bd47b202-fefb-454c-bef0-4498a45eb9d0","BranchId":"00000000-0000-0000-0000-000000000000"}|3c2f3998-6735-11e9-bf24-c49ded8d7b5c
2019-04-25 09:39:25.2943|DEBUG|Activity|Blocks|Adding block|{"Type":"Microsoft.DPrep.ParseDelimitedBlock","id":"00fc5f97-3495-44e0-a4a1-fc33dcd7bd11","position":1,"ActivityId":"bd47b202-fefb-454c-bef0-4498a45eb9d0","BranchId":"00000000-0000-0000-0000-000000000000"}|3c2f3998-6735-11e9-bf24-c49ded8d7b5c
2019-04-25 09:39:25.2943|DEBUG|Activity|Blocks|Adding block|{"Type":"Microsoft.DPrep.DropColumnsBlock","id":"e0faea48-bb75-4998-ac3e-238ae91472f6","position":2,"ActivityId":"bd47b202-fefb-454c-bef0-4498a45eb9d0","BranchId":"00000000-0000-0000-0000-000000000000"}|3c2f3998-6735-11e9-bf24-c49ded8d7b5c
2019-04-25 09:39:25.2943|DEBUG|Activity|Blocks|Adding block|{"Type":"Microsoft.DPrep.SetColumnTypesBlock","id":"0e117b9e-ff67-4ac8-b5d3-e25d082f4519","position":3,"ActivityId":"bd47b202-fefb-454c-bef0-4498a45eb9d0","BranchId":"00000000-0000-0000-0000-000000000000"}|3c2f3998-6735-11e9-bf24-c49ded8d7b5c
2019-04-25 09:39:25.2943|DEBUG|Activity|Blocks|Adding block|{"Type":"Microsoft.DPrep.KeepColumnsBlock","id":"cc0feede-46cb-4f1d-8e84-60757006b0fb","position":4,"ActivityId":"bd47b202-fefb-454c-bef0-4498a45eb9d0","BranchId":"00000000-0000-0000-0000-000000000000"}|3c2f3998-6735-11e9-bf24-c49ded8d7b5c
2019-04-25 09:39:25.2943|DEBUG|Activity|Blocks|Adding block|{"Type":"Microsoft.DPrep.WriteDataSetBlock","id":"3209e1ef-42b7-4200-986b-4e2961ab17a1","position":5,"ActivityId":"bd47b202-fefb-454c-bef0-4498a45eb9d0","BranchId":"00000000-0000-0000-0000-000000000000"}|3c2f3998-6735-11e9-bf24-c49ded8d7b5c
2019-04-25 09:39:25.6656|DEBUG|Activity|Blocks|Adding block|{"Type":"Microsoft.DPrep.GetFilesBlock","id":"5d72163c-927d-47e5-9251-3c76c8d9bb04","position":0,"ActivityId":"d2783dd8-6db4-4d35-9a58-c140b6f1255c","BranchId":"00000000-0000-0000-0000-000000000000"}|3c2f3998-6735-11e9-bf24-c49ded8d7b5c
2019-04-25 09:39:25.6656|DEBUG|Activity|Blocks|Adding block|{"Type":"Microsoft.DPrep.ParseDelimitedBlock","id":"00fc5f97-3495-44e0-a4a1-fc33dcd7bd11","position":1,"ActivityId":"d2783dd8-6db4-4d35-9a58-c140b6f1255c","BranchId":"00000000-0000-0000-0000-000000000000"}|3c2f3998-6735-11e9-bf24-c49ded8d7b5c
2019-04-25 09:39:25.6656|DEBUG|Activity|Blocks|Adding block|{"Type":"Microsoft.DPrep.DropColumnsBlock","id":"e0faea48-bb75-4998-ac3e-238ae91472f6","position":2,"ActivityId":"d2783dd8-6db4-4d35-9a58-c140b6f1255c","BranchId":"00000000-0000-0000-0000-000000000000"}|3c2f3998-6735-11e9-bf24-c49ded8d7b5c
2019-04-25 09:39:25.6656|DEBUG|Activity|Blocks|Adding block|{"Type":"Microsoft.DPrep.SetColumnTypesBlock","id":"0e117b9e-ff67-4ac8-b5d3-e25d082f4519","position":3,"ActivityId":"d2783dd8-6db4-4d35-9a58-c140b6f1255c","BranchId":"00000000-0000-0000-0000-000000000000"}|3c2f3998-6735-11e9-bf24-c49ded8d7b5c
2019-04-25 09:39:25.6754|DEBUG|Activity|Blocks|Adding block|{"Type":"Microsoft.DPrep.KeepColumnsBlock","id":"17228249-1e3f-41d1-9fc2-421c15f861d6","position":4,"ActivityId":"d2783dd8-6db4-4d35-9a58-c140b6f1255c","BranchId":"00000000-0000-0000-0000-000000000000"}|3c2f3998-6735-11e9-bf24-c49ded8d7b5c
2019-04-25 09:39:25.7131|DEBUG|Activity|Blocks|Adding block|{"Type":"Microsoft.DPrep.GetFilesBlock","id":"5d72163c-927d-47e5-9251-3c76c8d9bb04","position":0,"ActivityId":"5c1c78a3-a1ef-4fbf-a199-b58122e20cfa","BranchId":"00000000-0000-0000-0000-000000000000"}|3c2f3998-6735-11e9-bf24-c49ded8d7b5c
2019-04-25 09:39:25.7131|DEBUG|Activity|Blocks|Adding block|{"Type":"Microsoft.DPrep.ParseDelimitedBlock","id":"00fc5f97-3495-44e0-a4a1-fc33dcd7bd11","position":1,"ActivityId":"5c1c78a3-a1ef-4fbf-a199-b58122e20cfa","BranchId":"00000000-0000-0000-0000-000000000000"}|3c2f3998-6735-11e9-bf24-c49ded8d7b5c
2019-04-25 09:39:25.7131|DEBUG|Activity|Blocks|Adding block|{"Type":"Microsoft.DPrep.DropColumnsBlock","id":"e0faea48-bb75-4998-ac3e-238ae91472f6","position":2,"ActivityId":"5c1c78a3-a1ef-4fbf-a199-b58122e20cfa","BranchId":"00000000-0000-0000-0000-000000000000"}|3c2f3998-6735-11e9-bf24-c49ded8d7b5c
2019-04-25 09:39:25.7131|DEBUG|Activity|Blocks|Adding block|{"Type":"Microsoft.DPrep.SetColumnTypesBlock","id":"0e117b9e-ff67-4ac8-b5d3-e25d082f4519","position":3,"ActivityId":"5c1c78a3-a1ef-4fbf-a199-b58122e20cfa","BranchId":"00000000-0000-0000-0000-000000000000"}|3c2f3998-6735-11e9-bf24-c49ded8d7b5c
2019-04-25 09:39:25.7131|DEBUG|Activity|Blocks|Adding block|{"Type":"Microsoft.DPrep.KeepColumnsBlock","id":"17228249-1e3f-41d1-9fc2-421c15f861d6","position":4,"ActivityId":"5c1c78a3-a1ef-4fbf-a199-b58122e20cfa","BranchId":"00000000-0000-0000-0000-000000000000"}|3c2f3998-6735-11e9-bf24-c49ded8d7b5c
2019-04-25 09:39:25.7131|DEBUG|Activity|Blocks|Adding block|{"Type":"Microsoft.DPrep.WriteDataSetBlock","id":"6577acff-4b1d-484f-83e0-1f1c31c4b8b4","position":5,"ActivityId":"5c1c78a3-a1ef-4fbf-a199-b58122e20cfa","BranchId":"00000000-0000-0000-0000-000000000000"}|3c2f3998-6735-11e9-bf24-c49ded8d7b5c
2019-04-25 12:22:13.1944|DEBUG|Activity|Blocks|Adding block|{"Type":"Microsoft.DPrep.GetFilesBlock","id":"c22e1330-3c49-42fd-bc78-32a33e5d41ef","position":0,"ActivityId":"9870ac7b-4524-4cab-a113-71c40a80af8f","BranchId":"00000000-0000-0000-0000-000000000000"}|5e8160a4-674c-11e9-b42d-c49ded8d7b5c
2019-04-25 12:22:15.5144|DEBUG|Activity|Blocks|Adding block|{"Type":"Microsoft.DPrep.GetFilesBlock","id":"c22e1330-3c49-42fd-bc78-32a33e5d41ef","position":0,"ActivityId":"301925b7-0664-4bea-a782-96fcda26743b","BranchId":"00000000-0000-0000-0000-000000000000"}|5e8160a4-674c-11e9-b42d-c49ded8d7b5c
2019-04-25 12:22:15.5144|DEBUG|Activity|Blocks|Adding block|{"Type":"Microsoft.DPrep.ParseDelimitedBlock","id":"83adac53-43a2-49da-a084-b18422538e9e","position":1,"ActivityId":"301925b7-0664-4bea-a782-96fcda26743b","BranchId":"00000000-0000-0000-0000-000000000000"}|5e8160a4-674c-11e9-b42d-c49ded8d7b5c
2019-04-25 12:22:15.5144|DEBUG|Activity|Blocks|Adding block|{"Type":"Microsoft.DPrep.DropColumnsBlock","id":"6dbe3ca2-2e4b-4634-905b-90f9a18e103e","position":2,"ActivityId":"301925b7-0664-4bea-a782-96fcda26743b","BranchId":"00000000-0000-0000-0000-000000000000"}|5e8160a4-674c-11e9-b42d-c49ded8d7b5c
2019-04-25 12:22:15.8693|DEBUG|Activity|Blocks|Adding block|{"Type":"Microsoft.DPrep.GetFilesBlock","id":"c22e1330-3c49-42fd-bc78-32a33e5d41ef","position":0,"ActivityId":"490448f0-e5c2-4e2d-b646-3bf549443a15","BranchId":"00000000-0000-0000-0000-000000000000"}|5e8160a4-674c-11e9-b42d-c49ded8d7b5c
2019-04-25 12:22:15.8693|DEBUG|Activity|Blocks|Adding block|{"Type":"Microsoft.DPrep.ParseDelimitedBlock","id":"83adac53-43a2-49da-a084-b18422538e9e","position":1,"ActivityId":"490448f0-e5c2-4e2d-b646-3bf549443a15","BranchId":"00000000-0000-0000-0000-000000000000"}|5e8160a4-674c-11e9-b42d-c49ded8d7b5c
2019-04-25 12:22:15.8693|DEBUG|Activity|Blocks|Adding block|{"Type":"Microsoft.DPrep.DropColumnsBlock","id":"6dbe3ca2-2e4b-4634-905b-90f9a18e103e","position":2,"ActivityId":"490448f0-e5c2-4e2d-b646-3bf549443a15","BranchId":"00000000-0000-0000-0000-000000000000"}|5e8160a4-674c-11e9-b42d-c49ded8d7b5c
2019-04-25 12:22:15.8693|DEBUG|Activity|Blocks|Adding block|{"Type":"Microsoft.DPrep.SetColumnTypesBlock","id":"6822d99a-793a-4896-8fd3-6e52b7b86144","position":3,"ActivityId":"490448f0-e5c2-4e2d-b646-3bf549443a15","BranchId":"00000000-0000-0000-0000-000000000000"}|5e8160a4-674c-11e9-b42d-c49ded8d7b5c
2019-04-25 12:22:15.8693|DEBUG|Activity|Blocks|Adding block|{"Type":"Microsoft.DPrep.TakeBlock","id":"e342f252-49c0-4c32-8ee3-5ff924da7334","position":4,"ActivityId":"490448f0-e5c2-4e2d-b646-3bf549443a15","BranchId":"00000000-0000-0000-0000-000000000000"}|5e8160a4-674c-11e9-b42d-c49ded8d7b5c
2019-04-25 12:22:15.9502|DEBUG|Activity|Blocks|Adding block|{"Type":"Microsoft.DPrep.GetFilesBlock","id":"c22e1330-3c49-42fd-bc78-32a33e5d41ef","position":0,"ActivityId":"f7610933-238f-41da-83eb-6a90ed992782","BranchId":"00000000-0000-0000-0000-000000000000"}|5e8160a4-674c-11e9-b42d-c49ded8d7b5c
2019-04-25 12:22:15.9502|DEBUG|Activity|Blocks|Adding block|{"Type":"Microsoft.DPrep.ParseDelimitedBlock","id":"83adac53-43a2-49da-a084-b18422538e9e","position":1,"ActivityId":"f7610933-238f-41da-83eb-6a90ed992782","BranchId":"00000000-0000-0000-0000-000000000000"}|5e8160a4-674c-11e9-b42d-c49ded8d7b5c
2019-04-25 12:22:15.9502|DEBUG|Activity|Blocks|Adding block|{"Type":"Microsoft.DPrep.DropColumnsBlock","id":"6dbe3ca2-2e4b-4634-905b-90f9a18e103e","position":2,"ActivityId":"f7610933-238f-41da-83eb-6a90ed992782","BranchId":"00000000-0000-0000-0000-000000000000"}|5e8160a4-674c-11e9-b42d-c49ded8d7b5c
2019-04-25 12:22:15.9502|DEBUG|Activity|Blocks|Adding block|{"Type":"Microsoft.DPrep.SetColumnTypesBlock","id":"6822d99a-793a-4896-8fd3-6e52b7b86144","position":3,"ActivityId":"f7610933-238f-41da-83eb-6a90ed992782","BranchId":"00000000-0000-0000-0000-000000000000"}|5e8160a4-674c-11e9-b42d-c49ded8d7b5c
2019-04-25 12:22:15.9502|DEBUG|Activity|Blocks|Adding block|{"Type":"Microsoft.DPrep.TakeBlock","id":"e342f252-49c0-4c32-8ee3-5ff924da7334","position":4,"ActivityId":"f7610933-238f-41da-83eb-6a90ed992782","BranchId":"00000000-0000-0000-0000-000000000000"}|5e8160a4-674c-11e9-b42d-c49ded8d7b5c
2019-04-25 12:22:15.9502|DEBUG|Activity|Blocks|Adding block|{"Type":"Microsoft.DPrep.WriteDataSetBlock","id":"237e75ff-86e7-48b7-a4e8-80f1a84500e0","position":5,"ActivityId":"f7610933-238f-41da-83eb-6a90ed992782","BranchId":"00000000-0000-0000-0000-000000000000"}|5e8160a4-674c-11e9-b42d-c49ded8d7b5c
