2019-04-25 09:36:41.3316|DEBUG|CLex|MapReduceExecutor|Execution started|{"ExecutionId":"438ceaa4-dd6f-4189-be07-2456b85eaabf","Main":"bcFAK0U88ilQphTKyncFKN26w9O1l8NnoG0V2A4mr1E="}|3c2f3998-6735-11e9-bf24-c49ded8d7b5c
2019-04-25 09:36:41.3316|DEBUG|CLex|QueryCacheOperationVisitor|Visiting activity. Activity: bcFAK0U88ilQphTKyncFKN26w9O1l8NnoG0V2A4mr1E=|3c2f3998-6735-11e9-bf24-c49ded8d7b5c
2019-04-25 09:36:41.5576|DEBUG|CLex|QueryCache|Build RDD|{"Operation":"GetFilesOperation","Reference":"","Tag":"5d72163c-927d-47e5-9251-3c76c8d9bb04","ContextTag":"0","ParentContextTag":""}|3c2f3998-6735-11e9-bf24-c49ded8d7b5c
2019-04-25 09:36:41.6733|DEBUG|CLex|QueryCache|Cache added|{"Operation":"GetFilesOperation","Reference":"","Tag":"5d72163c-927d-47e5-9251-3c76c8d9bb04","ContextTag":"0","ParentContextTag":""}|3c2f3998-6735-11e9-bf24-c49ded8d7b5c
2019-04-25 09:36:41.6733|DEBUG|CLex|QueryCache|Build RDD|{"Operation":"GetDataProfileOperation","Reference":"","Tag":"","ContextTag":"1","ParentContextTag":"0"}|3c2f3998-6735-11e9-bf24-c49ded8d7b5c
2019-04-25 09:36:41.8922|DEBUG|CLex|QueryCache|Cache added|{"Operation":"GetDataProfileOperation","Reference":"","Tag":"","ContextTag":"1","ParentContextTag":"0"}|3c2f3998-6735-11e9-bf24-c49ded8d7b5c
2019-04-25 09:36:41.8922|DEBUG|CLex|MapReduceExecutor|Execution Succeeded|{"ExecutionId":"438ceaa4-dd6f-4189-be07-2456b85eaabf","Main":"bcFAK0U88ilQphTKyncFKN26w9O1l8NnoG0V2A4mr1E="}|3c2f3998-6735-11e9-bf24-c49ded8d7b5c
2019-04-25 09:36:42.0852|DEBUG|CLex|MapReduceExecutor|Execution started|{"ExecutionId":"4334b72e-dd4a-4b7f-83c6-e8f4b747d2da","Main":"bcFAK0U88ilQphTKyncFKN26w9O1l8NnoG0V2A4mr1E="}|3c2f3998-6735-11e9-bf24-c49ded8d7b5c
2019-04-25 09:36:42.0852|DEBUG|CLex|QueryCacheOperationVisitor|Visiting activity. Activity: bcFAK0U88ilQphTKyncFKN26w9O1l8NnoG0V2A4mr1E=|3c2f3998-6735-11e9-bf24-c49ded8d7b5c
2019-04-25 09:36:42.1262|DEBUG|CLex|QueryCache|Cache hit|{"Operation":"GetFilesOperation","Reference":"","Tag":"5d72163c-927d-47e5-9251-3c76c8d9bb04","ContextTag":"0","ParentContextTag":""}|3c2f3998-6735-11e9-bf24-c49ded8d7b5c
2019-04-25 09:36:42.1262|DEBUG|CLex|QueryCache|Build RDD|{"Operation":"SkipOperation","Reference":"","Tag":"","ContextTag":"2","ParentContextTag":"0"}|3c2f3998-6735-11e9-bf24-c49ded8d7b5c
2019-04-25 09:36:42.1350|DEBUG|CLex|QueryCache|Cache added|{"Operation":"SkipOperation","Reference":"","Tag":"","ContextTag":"2","ParentContextTag":"0"}|3c2f3998-6735-11e9-bf24-c49ded8d7b5c
2019-04-25 09:36:42.1350|DEBUG|CLex|QueryCache|Build RDD|{"Operation":"TakeOperation","Reference":"","Tag":"","ContextTag":"3","ParentContextTag":"2"}|3c2f3998-6735-11e9-bf24-c49ded8d7b5c
2019-04-25 09:36:42.1350|DEBUG|CLex|QueryCache|Cache added|{"Operation":"TakeOperation","Reference":"","Tag":"","ContextTag":"3","ParentContextTag":"2"}|3c2f3998-6735-11e9-bf24-c49ded8d7b5c
2019-04-25 09:36:42.1350|DEBUG|CLex|MapReduceExecutor|Execution Succeeded|{"ExecutionId":"4334b72e-dd4a-4b7f-83c6-e8f4b747d2da","Main":"bcFAK0U88ilQphTKyncFKN26w9O1l8NnoG0V2A4mr1E="}|3c2f3998-6735-11e9-bf24-c49ded8d7b5c
2019-04-25 09:36:42.2134|DEBUG|CLex|MapReduceExecutor|Execution started|{"ExecutionId":"cc085b33-86c0-4c19-8930-6fd4e6701bf2","Main":"mHxHfs5gjr+0tSNO7+aP7+q+PYR2lyoiVREhSew1MXY="}|3c2f3998-6735-11e9-bf24-c49ded8d7b5c
2019-04-25 09:36:42.2134|DEBUG|CLex|QueryCacheOperationVisitor|Visiting activity. Activity: mHxHfs5gjr+0tSNO7+aP7+q+PYR2lyoiVREhSew1MXY=|3c2f3998-6735-11e9-bf24-c49ded8d7b5c
2019-04-25 09:36:42.2276|DEBUG|CLex|QueryCache|Cache hit|{"Operation":"GetFilesOperation","Reference":"","Tag":"5d72163c-927d-47e5-9251-3c76c8d9bb04","ContextTag":"0","ParentContextTag":""}|3c2f3998-6735-11e9-bf24-c49ded8d7b5c
2019-04-25 09:36:42.2276|DEBUG|CLex|QueryCache|Build RDD|{"Operation":"ReadFilesOperation","Reference":"","Tag":"fc09a89b-d586-48ab-bf50-c634e47c1b52","ContextTag":"4","ParentContextTag":"0"}|3c2f3998-6735-11e9-bf24-c49ded8d7b5c
2019-04-25 09:36:42.2927|DEBUG|CLex|QueryCache|Cache added|{"Operation":"ReadFilesOperation","Reference":"","Tag":"fc09a89b-d586-48ab-bf50-c634e47c1b52","ContextTag":"4","ParentContextTag":"0"}|3c2f3998-6735-11e9-bf24-c49ded8d7b5c
2019-04-25 09:36:42.2927|DEBUG|CLex|QueryCache|Build RDD|{"Operation":"GetDataProfileOperation","Reference":"","Tag":"","ContextTag":"5","ParentContextTag":"4"}|3c2f3998-6735-11e9-bf24-c49ded8d7b5c
2019-04-25 09:36:42.3192|DEBUG|CLex|QueryCache|Cache added|{"Operation":"GetDataProfileOperation","Reference":"","Tag":"","ContextTag":"5","ParentContextTag":"4"}|3c2f3998-6735-11e9-bf24-c49ded8d7b5c
2019-04-25 09:36:42.3192|DEBUG|CLex|MapReduceExecutor|Execution Succeeded|{"ExecutionId":"cc085b33-86c0-4c19-8930-6fd4e6701bf2","Main":"mHxHfs5gjr+0tSNO7+aP7+q+PYR2lyoiVREhSew1MXY="}|3c2f3998-6735-11e9-bf24-c49ded8d7b5c
2019-04-25 09:36:42.3408|DEBUG|CLex|MapReduceExecutor|Execution started|{"ExecutionId":"0606d6ac-431f-41be-9b51-04919f4bbb56","Main":"mHxHfs5gjr+0tSNO7+aP7+q+PYR2lyoiVREhSew1MXY="}|3c2f3998-6735-11e9-bf24-c49ded8d7b5c
2019-04-25 09:36:42.3408|DEBUG|CLex|QueryCacheOperationVisitor|Visiting activity. Activity: mHxHfs5gjr+0tSNO7+aP7+q+PYR2lyoiVREhSew1MXY=|3c2f3998-6735-11e9-bf24-c49ded8d7b5c
2019-04-25 09:36:42.3408|DEBUG|CLex|QueryCache|Cache hit|{"Operation":"GetFilesOperation","Reference":"","Tag":"5d72163c-927d-47e5-9251-3c76c8d9bb04","ContextTag":"0","ParentContextTag":""}|3c2f3998-6735-11e9-bf24-c49ded8d7b5c
2019-04-25 09:36:42.3467|DEBUG|CLex|QueryCache|Cache hit|{"Operation":"ReadFilesOperation","Reference":"","Tag":"fc09a89b-d586-48ab-bf50-c634e47c1b52","ContextTag":"4","ParentContextTag":"0"}|3c2f3998-6735-11e9-bf24-c49ded8d7b5c
2019-04-25 09:36:42.3467|DEBUG|CLex|QueryCache|Build RDD|{"Operation":"SkipOperation","Reference":"","Tag":"","ContextTag":"6","ParentContextTag":"4"}|3c2f3998-6735-11e9-bf24-c49ded8d7b5c
2019-04-25 09:36:42.3467|DEBUG|CLex|QueryCache|Cache added|{"Operation":"SkipOperation","Reference":"","Tag":"","ContextTag":"6","ParentContextTag":"4"}|3c2f3998-6735-11e9-bf24-c49ded8d7b5c
2019-04-25 09:36:42.3467|DEBUG|CLex|QueryCache|Build RDD|{"Operation":"TakeOperation","Reference":"","Tag":"","ContextTag":"7","ParentContextTag":"6"}|3c2f3998-6735-11e9-bf24-c49ded8d7b5c
2019-04-25 09:36:42.3467|DEBUG|CLex|QueryCache|Cache added|{"Operation":"TakeOperation","Reference":"","Tag":"","ContextTag":"7","ParentContextTag":"6"}|3c2f3998-6735-11e9-bf24-c49ded8d7b5c
2019-04-25 09:36:42.3467|DEBUG|CLex|MapReduceExecutor|Execution Succeeded|{"ExecutionId":"0606d6ac-431f-41be-9b51-04919f4bbb56","Main":"mHxHfs5gjr+0tSNO7+aP7+q+PYR2lyoiVREhSew1MXY="}|3c2f3998-6735-11e9-bf24-c49ded8d7b5c
2019-04-25 09:36:49.2087|DEBUG|CLex|MapReduceExecutor|Execution started|{"ExecutionId":"cdeb37b9-ca6f-4ffb-8d3b-7d3ab8491f1d","Main":"fwTY60csF5qlCuOdB0+npxgoHme2aT3ZGz56LStaD+c="}|3c2f3998-6735-11e9-bf24-c49ded8d7b5c
2019-04-25 09:36:49.2087|DEBUG|CLex|QueryCacheOperationVisitor|Visiting activity. Activity: fwTY60csF5qlCuOdB0+npxgoHme2aT3ZGz56LStaD+c=|3c2f3998-6735-11e9-bf24-c49ded8d7b5c
2019-04-25 09:36:49.2087|DEBUG|CLex|QueryCache|Cache hit|{"Operation":"GetFilesOperation","Reference":"","Tag":"5d72163c-927d-47e5-9251-3c76c8d9bb04","ContextTag":"0","ParentContextTag":""}|3c2f3998-6735-11e9-bf24-c49ded8d7b5c
2019-04-25 09:36:49.2087|DEBUG|CLex|QueryCache|Build RDD|{"Operation":"ReadFilesOperation","Reference":"","Tag":"00fc5f97-3495-44e0-a4a1-fc33dcd7bd11","ContextTag":"8","ParentContextTag":"0"}|3c2f3998-6735-11e9-bf24-c49ded8d7b5c
2019-04-25 09:36:49.2330|DEBUG|CLex|QueryCache|Cache added|{"Operation":"ReadFilesOperation","Reference":"","Tag":"00fc5f97-3495-44e0-a4a1-fc33dcd7bd11","ContextTag":"8","ParentContextTag":"0"}|3c2f3998-6735-11e9-bf24-c49ded8d7b5c
2019-04-25 09:36:49.2330|DEBUG|CLex|QueryCache|Build RDD|{"Operation":"SplitColumnOperation","Reference":"","Tag":"00fc5f97-3495-44e0-a4a1-fc33dcd7bd11","ContextTag":"9","ParentContextTag":"8"}|3c2f3998-6735-11e9-bf24-c49ded8d7b5c
2019-04-25 09:36:49.2457|DEBUG|CLex|QueryCache|Cache added|{"Operation":"SplitColumnOperation","Reference":"","Tag":"00fc5f97-3495-44e0-a4a1-fc33dcd7bd11","ContextTag":"9","ParentContextTag":"8"}|3c2f3998-6735-11e9-bf24-c49ded8d7b5c
2019-04-25 09:36:49.2457|DEBUG|CLex|QueryCache|Build RDD|{"Operation":"PromoteHeadersOperation","Reference":"","Tag":"00fc5f97-3495-44e0-a4a1-fc33dcd7bd11","ContextTag":"10","ParentContextTag":"9"}|3c2f3998-6735-11e9-bf24-c49ded8d7b5c
2019-04-25 09:36:49.2569|DEBUG|CLex|QueryCache|Cache added|{"Operation":"PromoteHeadersOperation","Reference":"","Tag":"00fc5f97-3495-44e0-a4a1-fc33dcd7bd11","ContextTag":"10","ParentContextTag":"9"}|3c2f3998-6735-11e9-bf24-c49ded8d7b5c
2019-04-25 09:36:49.2569|DEBUG|CLex|QueryCache|Build RDD|{"Operation":"TakeOperation","Reference":"","Tag":"00fc5f97-3495-44e0-a4a1-fc33dcd7bd11","ContextTag":"11","ParentContextTag":"10"}|3c2f3998-6735-11e9-bf24-c49ded8d7b5c
2019-04-25 09:36:49.2569|DEBUG|CLex|QueryCache|Cache added|{"Operation":"TakeOperation","Reference":"","Tag":"00fc5f97-3495-44e0-a4a1-fc33dcd7bd11","ContextTag":"11","ParentContextTag":"10"}|3c2f3998-6735-11e9-bf24-c49ded8d7b5c
2019-04-25 09:36:49.2569|DEBUG|CLex|QueryCache|Build RDD|{"Operation":"RemoveColumnsOperation","Reference":"","Tag":"","ContextTag":"12","ParentContextTag":"11"}|3c2f3998-6735-11e9-bf24-c49ded8d7b5c
2019-04-25 09:36:49.2569|DEBUG|CLex|QueryCache|Cache added|{"Operation":"RemoveColumnsOperation","Reference":"","Tag":"","ContextTag":"12","ParentContextTag":"11"}|3c2f3998-6735-11e9-bf24-c49ded8d7b5c
2019-04-25 09:36:49.2569|DEBUG|CLex|QueryCache|Build RDD|{"Operation":"TakeOperation","Reference":"","Tag":"","ContextTag":"13","ParentContextTag":"12"}|3c2f3998-6735-11e9-bf24-c49ded8d7b5c
2019-04-25 09:36:49.2569|DEBUG|CLex|QueryCache|Cache added|{"Operation":"TakeOperation","Reference":"","Tag":"","ContextTag":"13","ParentContextTag":"12"}|3c2f3998-6735-11e9-bf24-c49ded8d7b5c
2019-04-25 09:36:49.2569|DEBUG|CLex|MapReduceExecutor|Execution Succeeded|{"ExecutionId":"cdeb37b9-ca6f-4ffb-8d3b-7d3ab8491f1d","Main":"fwTY60csF5qlCuOdB0+npxgoHme2aT3ZGz56LStaD+c="}|3c2f3998-6735-11e9-bf24-c49ded8d7b5c
2019-04-25 09:36:50.0560|DEBUG|CLex|MapReduceExecutor|Execution started|{"ExecutionId":"8ee34806-ea11-4908-8970-be55899bcf0c","Main":"meHGnVVB26Vc6geF0MBGGw9cRJUw56aXZ2yNV0BNgk8="}|3c2f3998-6735-11e9-bf24-c49ded8d7b5c
2019-04-25 09:36:50.0560|DEBUG|CLex|QueryCacheOperationVisitor|Visiting activity. Activity: meHGnVVB26Vc6geF0MBGGw9cRJUw56aXZ2yNV0BNgk8=|3c2f3998-6735-11e9-bf24-c49ded8d7b5c
2019-04-25 09:36:50.0560|DEBUG|CLex|QueryCache|Cache hit|{"Operation":"GetFilesOperation","Reference":"","Tag":"5d72163c-927d-47e5-9251-3c76c8d9bb04","ContextTag":"0","ParentContextTag":""}|3c2f3998-6735-11e9-bf24-c49ded8d7b5c
2019-04-25 09:36:50.0560|DEBUG|CLex|QueryCache|Build RDD|{"Operation":"ReadFilesOperation","Reference":"","Tag":"00fc5f97-3495-44e0-a4a1-fc33dcd7bd11","ContextTag":"14","ParentContextTag":"0"}|3c2f3998-6735-11e9-bf24-c49ded8d7b5c
2019-04-25 09:36:50.0560|DEBUG|CLex|QueryCache|Cache added|{"Operation":"ReadFilesOperation","Reference":"","Tag":"00fc5f97-3495-44e0-a4a1-fc33dcd7bd11","ContextTag":"14","ParentContextTag":"0"}|3c2f3998-6735-11e9-bf24-c49ded8d7b5c
2019-04-25 09:36:50.0560|DEBUG|CLex|QueryCache|Build RDD|{"Operation":"SplitColumnOperation","Reference":"","Tag":"00fc5f97-3495-44e0-a4a1-fc33dcd7bd11","ContextTag":"15","ParentContextTag":"14"}|3c2f3998-6735-11e9-bf24-c49ded8d7b5c
2019-04-25 09:36:50.0560|DEBUG|CLex|QueryCache|Cache added|{"Operation":"SplitColumnOperation","Reference":"","Tag":"00fc5f97-3495-44e0-a4a1-fc33dcd7bd11","ContextTag":"15","ParentContextTag":"14"}|3c2f3998-6735-11e9-bf24-c49ded8d7b5c
2019-04-25 09:36:50.0560|DEBUG|CLex|QueryCache|Build RDD|{"Operation":"PromoteHeadersOperation","Reference":"","Tag":"00fc5f97-3495-44e0-a4a1-fc33dcd7bd11","ContextTag":"16","ParentContextTag":"15"}|3c2f3998-6735-11e9-bf24-c49ded8d7b5c
2019-04-25 09:36:50.0560|DEBUG|CLex|QueryCache|Cache added|{"Operation":"PromoteHeadersOperation","Reference":"","Tag":"00fc5f97-3495-44e0-a4a1-fc33dcd7bd11","ContextTag":"16","ParentContextTag":"15"}|3c2f3998-6735-11e9-bf24-c49ded8d7b5c
2019-04-25 09:36:50.0560|DEBUG|CLex|QueryCache|Build RDD|{"Operation":"RemoveColumnsOperation","Reference":"","Tag":"","ContextTag":"17","ParentContextTag":"16"}|3c2f3998-6735-11e9-bf24-c49ded8d7b5c
2019-04-25 09:36:50.0560|DEBUG|CLex|QueryCache|Cache added|{"Operation":"RemoveColumnsOperation","Reference":"","Tag":"","ContextTag":"17","ParentContextTag":"16"}|3c2f3998-6735-11e9-bf24-c49ded8d7b5c
2019-04-25 09:36:50.0560|DEBUG|CLex|QueryCache|Build RDD|{"Operation":"TransformColumnsTypesOperation","Reference":"","Tag":"0e117b9e-ff67-4ac8-b5d3-e25d082f4519","ContextTag":"18","ParentContextTag":"17"}|3c2f3998-6735-11e9-bf24-c49ded8d7b5c
2019-04-25 09:36:50.0864|DEBUG|CLex|QueryCache|Cache added|{"Operation":"TransformColumnsTypesOperation","Reference":"","Tag":"0e117b9e-ff67-4ac8-b5d3-e25d082f4519","ContextTag":"18","ParentContextTag":"17"}|3c2f3998-6735-11e9-bf24-c49ded8d7b5c
2019-04-25 09:36:50.0864|DEBUG|CLex|QueryCache|Build RDD|{"Operation":"TakeOperation","Reference":"","Tag":"e87f5a44-89c2-4946-80e6-cda9e3c80aba","ContextTag":"19","ParentContextTag":"18"}|3c2f3998-6735-11e9-bf24-c49ded8d7b5c
2019-04-25 09:36:50.0864|DEBUG|CLex|QueryCache|Cache added|{"Operation":"TakeOperation","Reference":"","Tag":"e87f5a44-89c2-4946-80e6-cda9e3c80aba","ContextTag":"19","ParentContextTag":"18"}|3c2f3998-6735-11e9-bf24-c49ded8d7b5c
2019-04-25 09:36:50.0864|DEBUG|CLex|QueryCache|Build RDD|{"Operation":"WriteFilesOperation","Reference":"","Tag":"e9aca4cc-7136-4b5d-9b6f-665eaa1114c4","ContextTag":"20","ParentContextTag":"19"}|3c2f3998-6735-11e9-bf24-c49ded8d7b5c
2019-04-25 09:36:50.2197|DEBUG|CLex|QueryCache|Cache added|{"Operation":"WriteFilesOperation","Reference":"","Tag":"e9aca4cc-7136-4b5d-9b6f-665eaa1114c4","ContextTag":"20","ParentContextTag":"19"}|3c2f3998-6735-11e9-bf24-c49ded8d7b5c
2019-04-25 09:36:50.2197|DEBUG|CLex|MapReduceExecutor|Execution Succeeded|{"ExecutionId":"8ee34806-ea11-4908-8970-be55899bcf0c","Main":"meHGnVVB26Vc6geF0MBGGw9cRJUw56aXZ2yNV0BNgk8="}|3c2f3998-6735-11e9-bf24-c49ded8d7b5c
2019-04-25 09:39:04.1284|DEBUG|CLex|MapReduceExecutor|Execution started|{"ExecutionId":"c3101791-e4ed-4064-b2a8-ef5f425563f6","Main":"WS+fxDIgkMo2I+f8j3uTmA6gt1STZu3uyP7Tx13RcWU="}|3c2f3998-6735-11e9-bf24-c49ded8d7b5c
2019-04-25 09:39:04.1284|DEBUG|CLex|QueryCacheOperationVisitor|Visiting activity. Activity: WS+fxDIgkMo2I+f8j3uTmA6gt1STZu3uyP7Tx13RcWU=|3c2f3998-6735-11e9-bf24-c49ded8d7b5c
2019-04-25 09:39:04.1284|DEBUG|CLex|QueryCache|Cache hit|{"Operation":"GetFilesOperation","Reference":"","Tag":"5d72163c-927d-47e5-9251-3c76c8d9bb04","ContextTag":"0","ParentContextTag":""}|3c2f3998-6735-11e9-bf24-c49ded8d7b5c
2019-04-25 09:39:04.1284|DEBUG|CLex|QueryCache|Cache hit|{"Operation":"ReadFilesOperation","Reference":"","Tag":"00fc5f97-3495-44e0-a4a1-fc33dcd7bd11","ContextTag":"14","ParentContextTag":"0"}|3c2f3998-6735-11e9-bf24-c49ded8d7b5c
2019-04-25 09:39:04.1284|DEBUG|CLex|QueryCache|Cache hit|{"Operation":"SplitColumnOperation","Reference":"","Tag":"00fc5f97-3495-44e0-a4a1-fc33dcd7bd11","ContextTag":"15","ParentContextTag":"14"}|3c2f3998-6735-11e9-bf24-c49ded8d7b5c
2019-04-25 09:39:04.1284|DEBUG|CLex|QueryCache|Cache hit|{"Operation":"PromoteHeadersOperation","Reference":"","Tag":"00fc5f97-3495-44e0-a4a1-fc33dcd7bd11","ContextTag":"16","ParentContextTag":"15"}|3c2f3998-6735-11e9-bf24-c49ded8d7b5c
2019-04-25 09:39:04.1284|DEBUG|CLex|QueryCache|Cache hit|{"Operation":"RemoveColumnsOperation","Reference":"","Tag":"","ContextTag":"17","ParentContextTag":"16"}|3c2f3998-6735-11e9-bf24-c49ded8d7b5c
2019-04-25 09:39:04.1284|DEBUG|CLex|QueryCache|Cache hit|{"Operation":"TransformColumnsTypesOperation","Reference":"","Tag":"0e117b9e-ff67-4ac8-b5d3-e25d082f4519","ContextTag":"18","ParentContextTag":"17"}|3c2f3998-6735-11e9-bf24-c49ded8d7b5c
2019-04-25 09:39:04.1284|DEBUG|CLex|QueryCache|Build RDD|{"Operation":"GetDataProfileOperation","Reference":"","Tag":"","ContextTag":"21","ParentContextTag":"18"}|3c2f3998-6735-11e9-bf24-c49ded8d7b5c
2019-04-25 09:39:04.3046|DEBUG|CLex|QueryCache|Cache added|{"Operation":"GetDataProfileOperation","Reference":"","Tag":"","ContextTag":"21","ParentContextTag":"18"}|3c2f3998-6735-11e9-bf24-c49ded8d7b5c
2019-04-25 09:39:04.3046|DEBUG|CLex|MapReduceExecutor|Execution Succeeded|{"ExecutionId":"c3101791-e4ed-4064-b2a8-ef5f425563f6","Main":"WS+fxDIgkMo2I+f8j3uTmA6gt1STZu3uyP7Tx13RcWU="}|3c2f3998-6735-11e9-bf24-c49ded8d7b5c
2019-04-25 09:39:04.6312|DEBUG|CLex|MapReduceExecutor|Execution started|{"ExecutionId":"84b46bb4-5872-48ed-a9af-c26b3c08f01c","Main":"dAVb7bK/2+jneUR1FI9avdCxOBs5jxnFfkv2h0VPX8I="}|3c2f3998-6735-11e9-bf24-c49ded8d7b5c
2019-04-25 09:39:04.6312|DEBUG|CLex|QueryCacheOperationVisitor|Visiting activity. Activity: dAVb7bK/2+jneUR1FI9avdCxOBs5jxnFfkv2h0VPX8I=|3c2f3998-6735-11e9-bf24-c49ded8d7b5c
2019-04-25 09:39:04.6312|DEBUG|CLex|QueryCache|Cache hit|{"Operation":"GetFilesOperation","Reference":"","Tag":"5d72163c-927d-47e5-9251-3c76c8d9bb04","ContextTag":"0","ParentContextTag":""}|3c2f3998-6735-11e9-bf24-c49ded8d7b5c
2019-04-25 09:39:04.6312|DEBUG|CLex|QueryCache|Cache hit|{"Operation":"ReadFilesOperation","Reference":"","Tag":"00fc5f97-3495-44e0-a4a1-fc33dcd7bd11","ContextTag":"14","ParentContextTag":"0"}|3c2f3998-6735-11e9-bf24-c49ded8d7b5c
2019-04-25 09:39:04.6312|DEBUG|CLex|QueryCache|Cache hit|{"Operation":"SplitColumnOperation","Reference":"","Tag":"00fc5f97-3495-44e0-a4a1-fc33dcd7bd11","ContextTag":"15","ParentContextTag":"14"}|3c2f3998-6735-11e9-bf24-c49ded8d7b5c
2019-04-25 09:39:04.6312|DEBUG|CLex|QueryCache|Cache hit|{"Operation":"PromoteHeadersOperation","Reference":"","Tag":"00fc5f97-3495-44e0-a4a1-fc33dcd7bd11","ContextTag":"16","ParentContextTag":"15"}|3c2f3998-6735-11e9-bf24-c49ded8d7b5c
2019-04-25 09:39:04.6312|DEBUG|CLex|QueryCache|Cache hit|{"Operation":"RemoveColumnsOperation","Reference":"","Tag":"","ContextTag":"17","ParentContextTag":"16"}|3c2f3998-6735-11e9-bf24-c49ded8d7b5c
2019-04-25 09:39:04.6312|DEBUG|CLex|QueryCache|Cache hit|{"Operation":"TransformColumnsTypesOperation","Reference":"","Tag":"0e117b9e-ff67-4ac8-b5d3-e25d082f4519","ContextTag":"18","ParentContextTag":"17"}|3c2f3998-6735-11e9-bf24-c49ded8d7b5c
2019-04-25 09:39:04.6312|DEBUG|CLex|QueryCache|Build RDD|{"Operation":"GroupOperation","Reference":"","Tag":"444e5590-acd6-4b00-aa87-7ff5e6e1bc29","ContextTag":"22","ParentContextTag":"18"}|3c2f3998-6735-11e9-bf24-c49ded8d7b5c
2019-04-25 09:39:04.6312|DEBUG|CLex|QueryCache|Cache added|{"Operation":"GroupOperation","Reference":"","Tag":"444e5590-acd6-4b00-aa87-7ff5e6e1bc29","ContextTag":"22","ParentContextTag":"18"}|3c2f3998-6735-11e9-bf24-c49ded8d7b5c
2019-04-25 09:39:04.6312|DEBUG|CLex|QueryCache|Build RDD|{"Operation":"SummarizeOperation","Reference":"","Tag":"444e5590-acd6-4b00-aa87-7ff5e6e1bc29","ContextTag":"23","ParentContextTag":"22"}|3c2f3998-6735-11e9-bf24-c49ded8d7b5c
2019-04-25 09:39:04.6859|DEBUG|CLex|QueryCache|Cache added|{"Operation":"SummarizeOperation","Reference":"","Tag":"444e5590-acd6-4b00-aa87-7ff5e6e1bc29","ContextTag":"23","ParentContextTag":"22"}|3c2f3998-6735-11e9-bf24-c49ded8d7b5c
2019-04-25 09:39:04.6859|DEBUG|CLex|QueryCache|Build RDD|{"Operation":"AddColumnsOperation","Reference":"","Tag":"444e5590-acd6-4b00-aa87-7ff5e6e1bc29","ContextTag":"24","ParentContextTag":"23"}|3c2f3998-6735-11e9-bf24-c49ded8d7b5c
2019-04-25 09:39:04.8010|DEBUG|CLex|QueryCache|Cache added|{"Operation":"AddColumnsOperation","Reference":"","Tag":"444e5590-acd6-4b00-aa87-7ff5e6e1bc29","ContextTag":"24","ParentContextTag":"23"}|3c2f3998-6735-11e9-bf24-c49ded8d7b5c
2019-04-25 09:39:04.8010|DEBUG|CLex|QueryCache|Build RDD|{"Operation":"AddColumnsOperation","Reference":"","Tag":"444e5590-acd6-4b00-aa87-7ff5e6e1bc29","ContextTag":"25","ParentContextTag":"24"}|3c2f3998-6735-11e9-bf24-c49ded8d7b5c
2019-04-25 09:39:04.8010|DEBUG|CLex|QueryCache|Cache added|{"Operation":"AddColumnsOperation","Reference":"","Tag":"444e5590-acd6-4b00-aa87-7ff5e6e1bc29","ContextTag":"25","ParentContextTag":"24"}|3c2f3998-6735-11e9-bf24-c49ded8d7b5c
2019-04-25 09:39:04.8010|DEBUG|CLex|QueryCache|Build RDD|{"Operation":"AddColumnsOperation","Reference":"","Tag":"444e5590-acd6-4b00-aa87-7ff5e6e1bc29","ContextTag":"26","ParentContextTag":"25"}|3c2f3998-6735-11e9-bf24-c49ded8d7b5c
2019-04-25 09:39:04.8010|DEBUG|CLex|QueryCache|Cache added|{"Operation":"AddColumnsOperation","Reference":"","Tag":"444e5590-acd6-4b00-aa87-7ff5e6e1bc29","ContextTag":"26","ParentContextTag":"25"}|3c2f3998-6735-11e9-bf24-c49ded8d7b5c
2019-04-25 09:39:04.8010|DEBUG|CLex|QueryCache|Build RDD|{"Operation":"AddColumnsOperation","Reference":"","Tag":"444e5590-acd6-4b00-aa87-7ff5e6e1bc29","ContextTag":"27","ParentContextTag":"26"}|3c2f3998-6735-11e9-bf24-c49ded8d7b5c
2019-04-25 09:39:04.8010|DEBUG|CLex|QueryCache|Cache added|{"Operation":"AddColumnsOperation","Reference":"","Tag":"444e5590-acd6-4b00-aa87-7ff5e6e1bc29","ContextTag":"27","ParentContextTag":"26"}|3c2f3998-6735-11e9-bf24-c49ded8d7b5c
2019-04-25 09:39:04.8010|DEBUG|CLex|QueryCache|Build RDD|{"Operation":"AddColumnsOperation","Reference":"","Tag":"444e5590-acd6-4b00-aa87-7ff5e6e1bc29","ContextTag":"28","ParentContextTag":"27"}|3c2f3998-6735-11e9-bf24-c49ded8d7b5c
2019-04-25 09:39:04.8010|DEBUG|CLex|QueryCache|Cache added|{"Operation":"AddColumnsOperation","Reference":"","Tag":"444e5590-acd6-4b00-aa87-7ff5e6e1bc29","ContextTag":"28","ParentContextTag":"27"}|3c2f3998-6735-11e9-bf24-c49ded8d7b5c
2019-04-25 09:39:04.8010|DEBUG|CLex|QueryCache|Build RDD|{"Operation":"AddColumnsOperation","Reference":"","Tag":"444e5590-acd6-4b00-aa87-7ff5e6e1bc29","ContextTag":"29","ParentContextTag":"28"}|3c2f3998-6735-11e9-bf24-c49ded8d7b5c
2019-04-25 09:39:04.8010|DEBUG|CLex|QueryCache|Cache added|{"Operation":"AddColumnsOperation","Reference":"","Tag":"444e5590-acd6-4b00-aa87-7ff5e6e1bc29","ContextTag":"29","ParentContextTag":"28"}|3c2f3998-6735-11e9-bf24-c49ded8d7b5c
2019-04-25 09:39:04.8010|DEBUG|CLex|QueryCache|Build RDD|{"Operation":"AddColumnsOperation","Reference":"","Tag":"444e5590-acd6-4b00-aa87-7ff5e6e1bc29","ContextTag":"30","ParentContextTag":"29"}|3c2f3998-6735-11e9-bf24-c49ded8d7b5c
2019-04-25 09:39:04.8010|DEBUG|CLex|QueryCache|Cache added|{"Operation":"AddColumnsOperation","Reference":"","Tag":"444e5590-acd6-4b00-aa87-7ff5e6e1bc29","ContextTag":"30","ParentContextTag":"29"}|3c2f3998-6735-11e9-bf24-c49ded8d7b5c
2019-04-25 09:39:04.8010|DEBUG|CLex|QueryCache|Build RDD|{"Operation":"AddColumnsOperation","Reference":"","Tag":"444e5590-acd6-4b00-aa87-7ff5e6e1bc29","ContextTag":"31","ParentContextTag":"30"}|3c2f3998-6735-11e9-bf24-c49ded8d7b5c
2019-04-25 09:39:04.8010|DEBUG|CLex|QueryCache|Cache added|{"Operation":"AddColumnsOperation","Reference":"","Tag":"444e5590-acd6-4b00-aa87-7ff5e6e1bc29","ContextTag":"31","ParentContextTag":"30"}|3c2f3998-6735-11e9-bf24-c49ded8d7b5c
2019-04-25 09:39:04.8010|DEBUG|CLex|QueryCache|Build RDD|{"Operation":"AddColumnsOperation","Reference":"","Tag":"444e5590-acd6-4b00-aa87-7ff5e6e1bc29","ContextTag":"32","ParentContextTag":"31"}|3c2f3998-6735-11e9-bf24-c49ded8d7b5c
2019-04-25 09:39:04.8010|DEBUG|CLex|QueryCache|Cache added|{"Operation":"AddColumnsOperation","Reference":"","Tag":"444e5590-acd6-4b00-aa87-7ff5e6e1bc29","ContextTag":"32","ParentContextTag":"31"}|3c2f3998-6735-11e9-bf24-c49ded8d7b5c
2019-04-25 09:39:04.8010|DEBUG|CLex|QueryCache|Build RDD|{"Operation":"AddColumnsOperation","Reference":"","Tag":"444e5590-acd6-4b00-aa87-7ff5e6e1bc29","ContextTag":"33","ParentContextTag":"32"}|3c2f3998-6735-11e9-bf24-c49ded8d7b5c
2019-04-25 09:39:04.8010|DEBUG|CLex|QueryCache|Cache added|{"Operation":"AddColumnsOperation","Reference":"","Tag":"444e5590-acd6-4b00-aa87-7ff5e6e1bc29","ContextTag":"33","ParentContextTag":"32"}|3c2f3998-6735-11e9-bf24-c49ded8d7b5c
2019-04-25 09:39:04.8010|DEBUG|CLex|QueryCache|Build RDD|{"Operation":"AddColumnsOperation","Reference":"","Tag":"444e5590-acd6-4b00-aa87-7ff5e6e1bc29","ContextTag":"34","ParentContextTag":"33"}|3c2f3998-6735-11e9-bf24-c49ded8d7b5c
2019-04-25 09:39:04.8010|DEBUG|CLex|QueryCache|Cache added|{"Operation":"AddColumnsOperation","Reference":"","Tag":"444e5590-acd6-4b00-aa87-7ff5e6e1bc29","ContextTag":"34","ParentContextTag":"33"}|3c2f3998-6735-11e9-bf24-c49ded8d7b5c
2019-04-25 09:39:04.8010|DEBUG|CLex|QueryCache|Build RDD|{"Operation":"AddColumnsOperation","Reference":"","Tag":"444e5590-acd6-4b00-aa87-7ff5e6e1bc29","ContextTag":"35","ParentContextTag":"34"}|3c2f3998-6735-11e9-bf24-c49ded8d7b5c
2019-04-25 09:39:04.8010|DEBUG|CLex|QueryCache|Cache added|{"Operation":"AddColumnsOperation","Reference":"","Tag":"444e5590-acd6-4b00-aa87-7ff5e6e1bc29","ContextTag":"35","ParentContextTag":"34"}|3c2f3998-6735-11e9-bf24-c49ded8d7b5c
2019-04-25 09:39:04.8010|DEBUG|CLex|QueryCache|Build RDD|{"Operation":"AddColumnsOperation","Reference":"","Tag":"444e5590-acd6-4b00-aa87-7ff5e6e1bc29","ContextTag":"36","ParentContextTag":"35"}|3c2f3998-6735-11e9-bf24-c49ded8d7b5c
2019-04-25 09:39:04.8010|DEBUG|CLex|QueryCache|Cache added|{"Operation":"AddColumnsOperation","Reference":"","Tag":"444e5590-acd6-4b00-aa87-7ff5e6e1bc29","ContextTag":"36","ParentContextTag":"35"}|3c2f3998-6735-11e9-bf24-c49ded8d7b5c
2019-04-25 09:39:04.8010|DEBUG|CLex|QueryCache|Build RDD|{"Operation":"AddColumnsOperation","Reference":"","Tag":"444e5590-acd6-4b00-aa87-7ff5e6e1bc29","ContextTag":"37","ParentContextTag":"36"}|3c2f3998-6735-11e9-bf24-c49ded8d7b5c
2019-04-25 09:39:04.8010|DEBUG|CLex|QueryCache|Cache added|{"Operation":"AddColumnsOperation","Reference":"","Tag":"444e5590-acd6-4b00-aa87-7ff5e6e1bc29","ContextTag":"37","ParentContextTag":"36"}|3c2f3998-6735-11e9-bf24-c49ded8d7b5c
2019-04-25 09:39:04.8010|DEBUG|CLex|QueryCache|Build RDD|{"Operation":"AddColumnsOperation","Reference":"","Tag":"444e5590-acd6-4b00-aa87-7ff5e6e1bc29","ContextTag":"38","ParentContextTag":"37"}|3c2f3998-6735-11e9-bf24-c49ded8d7b5c
2019-04-25 09:39:04.8010|DEBUG|CLex|QueryCache|Cache added|{"Operation":"AddColumnsOperation","Reference":"","Tag":"444e5590-acd6-4b00-aa87-7ff5e6e1bc29","ContextTag":"38","ParentContextTag":"37"}|3c2f3998-6735-11e9-bf24-c49ded8d7b5c
2019-04-25 09:39:04.8010|DEBUG|CLex|QueryCache|Build RDD|{"Operation":"AddColumnsOperation","Reference":"","Tag":"444e5590-acd6-4b00-aa87-7ff5e6e1bc29","ContextTag":"39","ParentContextTag":"38"}|3c2f3998-6735-11e9-bf24-c49ded8d7b5c
2019-04-25 09:39:04.8010|DEBUG|CLex|QueryCache|Cache added|{"Operation":"AddColumnsOperation","Reference":"","Tag":"444e5590-acd6-4b00-aa87-7ff5e6e1bc29","ContextTag":"39","ParentContextTag":"38"}|3c2f3998-6735-11e9-bf24-c49ded8d7b5c
2019-04-25 09:39:04.8010|DEBUG|CLex|QueryCache|Build RDD|{"Operation":"AddColumnsOperation","Reference":"","Tag":"444e5590-acd6-4b00-aa87-7ff5e6e1bc29","ContextTag":"40","ParentContextTag":"39"}|3c2f3998-6735-11e9-bf24-c49ded8d7b5c
2019-04-25 09:39:04.8010|DEBUG|CLex|QueryCache|Cache added|{"Operation":"AddColumnsOperation","Reference":"","Tag":"444e5590-acd6-4b00-aa87-7ff5e6e1bc29","ContextTag":"40","ParentContextTag":"39"}|3c2f3998-6735-11e9-bf24-c49ded8d7b5c
2019-04-25 09:39:04.8010|DEBUG|CLex|QueryCache|Build RDD|{"Operation":"AddColumnsOperation","Reference":"","Tag":"444e5590-acd6-4b00-aa87-7ff5e6e1bc29","ContextTag":"41","ParentContextTag":"40"}|3c2f3998-6735-11e9-bf24-c49ded8d7b5c
2019-04-25 09:39:04.8010|DEBUG|CLex|QueryCache|Cache added|{"Operation":"AddColumnsOperation","Reference":"","Tag":"444e5590-acd6-4b00-aa87-7ff5e6e1bc29","ContextTag":"41","ParentContextTag":"40"}|3c2f3998-6735-11e9-bf24-c49ded8d7b5c
2019-04-25 09:39:04.8010|DEBUG|CLex|QueryCache|Build RDD|{"Operation":"AddColumnsOperation","Reference":"","Tag":"444e5590-acd6-4b00-aa87-7ff5e6e1bc29","ContextTag":"42","ParentContextTag":"41"}|3c2f3998-6735-11e9-bf24-c49ded8d7b5c
2019-04-25 09:39:04.8010|DEBUG|CLex|QueryCache|Cache added|{"Operation":"AddColumnsOperation","Reference":"","Tag":"444e5590-acd6-4b00-aa87-7ff5e6e1bc29","ContextTag":"42","ParentContextTag":"41"}|3c2f3998-6735-11e9-bf24-c49ded8d7b5c
2019-04-25 09:39:04.8010|DEBUG|CLex|QueryCache|Build RDD|{"Operation":"AddColumnsOperation","Reference":"","Tag":"444e5590-acd6-4b00-aa87-7ff5e6e1bc29","ContextTag":"43","ParentContextTag":"42"}|3c2f3998-6735-11e9-bf24-c49ded8d7b5c
2019-04-25 09:39:04.8010|DEBUG|CLex|QueryCache|Cache added|{"Operation":"AddColumnsOperation","Reference":"","Tag":"444e5590-acd6-4b00-aa87-7ff5e6e1bc29","ContextTag":"43","ParentContextTag":"42"}|3c2f3998-6735-11e9-bf24-c49ded8d7b5c
2019-04-25 09:39:04.8010|DEBUG|CLex|QueryCache|Build RDD|{"Operation":"AddColumnsOperation","Reference":"","Tag":"444e5590-acd6-4b00-aa87-7ff5e6e1bc29","ContextTag":"44","ParentContextTag":"43"}|3c2f3998-6735-11e9-bf24-c49ded8d7b5c
2019-04-25 09:39:04.8010|DEBUG|CLex|QueryCache|Cache added|{"Operation":"AddColumnsOperation","Reference":"","Tag":"444e5590-acd6-4b00-aa87-7ff5e6e1bc29","ContextTag":"44","ParentContextTag":"43"}|3c2f3998-6735-11e9-bf24-c49ded8d7b5c
2019-04-25 09:39:04.8010|DEBUG|CLex|QueryCache|Build RDD|{"Operation":"RemoveColumnsOperation","Reference":"","Tag":"","ContextTag":"45","ParentContextTag":"44"}|3c2f3998-6735-11e9-bf24-c49ded8d7b5c
2019-04-25 09:39:04.8010|DEBUG|CLex|QueryCache|Cache added|{"Operation":"RemoveColumnsOperation","Reference":"","Tag":"","ContextTag":"45","ParentContextTag":"44"}|3c2f3998-6735-11e9-bf24-c49ded8d7b5c
2019-04-25 09:39:04.8010|DEBUG|CLex|QueryCache|Build RDD|{"Operation":"TakeOperation","Reference":"","Tag":"","ContextTag":"46","ParentContextTag":"45"}|3c2f3998-6735-11e9-bf24-c49ded8d7b5c
2019-04-25 09:39:04.8010|DEBUG|CLex|QueryCache|Cache added|{"Operation":"TakeOperation","Reference":"","Tag":"","ContextTag":"46","ParentContextTag":"45"}|3c2f3998-6735-11e9-bf24-c49ded8d7b5c
2019-04-25 09:39:04.8010|DEBUG|CLex|MapReduceExecutor|Execution Succeeded|{"ExecutionId":"84b46bb4-5872-48ed-a9af-c26b3c08f01c","Main":"dAVb7bK/2+jneUR1FI9avdCxOBs5jxnFfkv2h0VPX8I="}|3c2f3998-6735-11e9-bf24-c49ded8d7b5c
2019-04-25 09:39:25.3159|DEBUG|CLex|MapReduceExecutor|Execution started|{"ExecutionId":"0eb291b0-762c-418b-ab2a-adc10a0df323","Main":"dI8XJ4eN10xqsqkaQ3lpJV85p/LLyPB8oSuIDJ5ERY0="}|3c2f3998-6735-11e9-bf24-c49ded8d7b5c
2019-04-25 09:39:25.3159|DEBUG|CLex|QueryCacheOperationVisitor|Visiting activity. Activity: dI8XJ4eN10xqsqkaQ3lpJV85p/LLyPB8oSuIDJ5ERY0=|3c2f3998-6735-11e9-bf24-c49ded8d7b5c
2019-04-25 09:39:25.3159|DEBUG|CLex|QueryCache|Cache hit|{"Operation":"GetFilesOperation","Reference":"","Tag":"5d72163c-927d-47e5-9251-3c76c8d9bb04","ContextTag":"0","ParentContextTag":""}|3c2f3998-6735-11e9-bf24-c49ded8d7b5c
2019-04-25 09:39:25.3159|DEBUG|CLex|QueryCache|Cache hit|{"Operation":"ReadFilesOperation","Reference":"","Tag":"00fc5f97-3495-44e0-a4a1-fc33dcd7bd11","ContextTag":"14","ParentContextTag":"0"}|3c2f3998-6735-11e9-bf24-c49ded8d7b5c
2019-04-25 09:39:25.3159|DEBUG|CLex|QueryCache|Cache hit|{"Operation":"SplitColumnOperation","Reference":"","Tag":"00fc5f97-3495-44e0-a4a1-fc33dcd7bd11","ContextTag":"15","ParentContextTag":"14"}|3c2f3998-6735-11e9-bf24-c49ded8d7b5c
2019-04-25 09:39:25.3159|DEBUG|CLex|QueryCache|Cache hit|{"Operation":"PromoteHeadersOperation","Reference":"","Tag":"00fc5f97-3495-44e0-a4a1-fc33dcd7bd11","ContextTag":"16","ParentContextTag":"15"}|3c2f3998-6735-11e9-bf24-c49ded8d7b5c
2019-04-25 09:39:25.3159|DEBUG|CLex|QueryCache|Cache hit|{"Operation":"RemoveColumnsOperation","Reference":"","Tag":"","ContextTag":"17","ParentContextTag":"16"}|3c2f3998-6735-11e9-bf24-c49ded8d7b5c
2019-04-25 09:39:25.3159|DEBUG|CLex|QueryCache|Cache hit|{"Operation":"TransformColumnsTypesOperation","Reference":"","Tag":"0e117b9e-ff67-4ac8-b5d3-e25d082f4519","ContextTag":"18","ParentContextTag":"17"}|3c2f3998-6735-11e9-bf24-c49ded8d7b5c
2019-04-25 09:39:25.3159|DEBUG|CLex|QueryCache|Build RDD|{"Operation":"KeepColumnsOperation","Reference":"","Tag":"","ContextTag":"47","ParentContextTag":"18"}|3c2f3998-6735-11e9-bf24-c49ded8d7b5c
2019-04-25 09:39:25.3159|DEBUG|CLex|QueryCache|Cache added|{"Operation":"KeepColumnsOperation","Reference":"","Tag":"","ContextTag":"47","ParentContextTag":"18"}|3c2f3998-6735-11e9-bf24-c49ded8d7b5c
2019-04-25 09:39:25.3159|DEBUG|CLex|QueryCache|Build RDD|{"Operation":"WriteFilesOperation","Reference":"","Tag":"3209e1ef-42b7-4200-986b-4e2961ab17a1","ContextTag":"48","ParentContextTag":"47"}|3c2f3998-6735-11e9-bf24-c49ded8d7b5c
2019-04-25 09:39:25.6327|DEBUG|CLex|QueryCache|Cache added|{"Operation":"WriteFilesOperation","Reference":"","Tag":"3209e1ef-42b7-4200-986b-4e2961ab17a1","ContextTag":"48","ParentContextTag":"47"}|3c2f3998-6735-11e9-bf24-c49ded8d7b5c
2019-04-25 09:39:25.6327|DEBUG|CLex|MapReduceExecutor|Execution Succeeded|{"ExecutionId":"0eb291b0-762c-418b-ab2a-adc10a0df323","Main":"dI8XJ4eN10xqsqkaQ3lpJV85p/LLyPB8oSuIDJ5ERY0="}|3c2f3998-6735-11e9-bf24-c49ded8d7b5c
2019-04-25 09:39:25.7267|DEBUG|CLex|MapReduceExecutor|Execution started|{"ExecutionId":"2794e3ef-dd56-4f70-bb7e-b64d0a07356a","Main":"T00RCgGw4Ujp5wBB5zjWbFW9lVEsj5RyDlKWjjdmJZA="}|3c2f3998-6735-11e9-bf24-c49ded8d7b5c
2019-04-25 09:39:25.7267|DEBUG|CLex|QueryCacheOperationVisitor|Visiting activity. Activity: T00RCgGw4Ujp5wBB5zjWbFW9lVEsj5RyDlKWjjdmJZA=|3c2f3998-6735-11e9-bf24-c49ded8d7b5c
2019-04-25 09:39:25.7267|DEBUG|CLex|QueryCache|Cache hit|{"Operation":"GetFilesOperation","Reference":"","Tag":"5d72163c-927d-47e5-9251-3c76c8d9bb04","ContextTag":"0","ParentContextTag":""}|3c2f3998-6735-11e9-bf24-c49ded8d7b5c
2019-04-25 09:39:25.7267|DEBUG|CLex|QueryCache|Cache hit|{"Operation":"ReadFilesOperation","Reference":"","Tag":"00fc5f97-3495-44e0-a4a1-fc33dcd7bd11","ContextTag":"14","ParentContextTag":"0"}|3c2f3998-6735-11e9-bf24-c49ded8d7b5c
2019-04-25 09:39:25.7267|DEBUG|CLex|QueryCache|Cache hit|{"Operation":"SplitColumnOperation","Reference":"","Tag":"00fc5f97-3495-44e0-a4a1-fc33dcd7bd11","ContextTag":"15","ParentContextTag":"14"}|3c2f3998-6735-11e9-bf24-c49ded8d7b5c
2019-04-25 09:39:25.7267|DEBUG|CLex|QueryCache|Cache hit|{"Operation":"PromoteHeadersOperation","Reference":"","Tag":"00fc5f97-3495-44e0-a4a1-fc33dcd7bd11","ContextTag":"16","ParentContextTag":"15"}|3c2f3998-6735-11e9-bf24-c49ded8d7b5c
2019-04-25 09:39:25.7267|DEBUG|CLex|QueryCache|Cache hit|{"Operation":"RemoveColumnsOperation","Reference":"","Tag":"","ContextTag":"17","ParentContextTag":"16"}|3c2f3998-6735-11e9-bf24-c49ded8d7b5c
2019-04-25 09:39:25.7267|DEBUG|CLex|QueryCache|Cache hit|{"Operation":"TransformColumnsTypesOperation","Reference":"","Tag":"0e117b9e-ff67-4ac8-b5d3-e25d082f4519","ContextTag":"18","ParentContextTag":"17"}|3c2f3998-6735-11e9-bf24-c49ded8d7b5c
2019-04-25 09:39:25.7381|DEBUG|CLex|QueryCache|Build RDD|{"Operation":"KeepColumnsOperation","Reference":"","Tag":"","ContextTag":"49","ParentContextTag":"18"}|3c2f3998-6735-11e9-bf24-c49ded8d7b5c
2019-04-25 09:39:25.7381|DEBUG|CLex|QueryCache|Cache added|{"Operation":"KeepColumnsOperation","Reference":"","Tag":"","ContextTag":"49","ParentContextTag":"18"}|3c2f3998-6735-11e9-bf24-c49ded8d7b5c
2019-04-25 09:39:25.7381|DEBUG|CLex|QueryCache|Build RDD|{"Operation":"WriteFilesOperation","Reference":"","Tag":"6577acff-4b1d-484f-83e0-1f1c31c4b8b4","ContextTag":"50","ParentContextTag":"49"}|3c2f3998-6735-11e9-bf24-c49ded8d7b5c
2019-04-25 09:39:25.9506|DEBUG|CLex|QueryCache|Cache added|{"Operation":"WriteFilesOperation","Reference":"","Tag":"6577acff-4b1d-484f-83e0-1f1c31c4b8b4","ContextTag":"50","ParentContextTag":"49"}|3c2f3998-6735-11e9-bf24-c49ded8d7b5c
2019-04-25 09:39:25.9506|DEBUG|CLex|MapReduceExecutor|Execution Succeeded|{"ExecutionId":"2794e3ef-dd56-4f70-bb7e-b64d0a07356a","Main":"T00RCgGw4Ujp5wBB5zjWbFW9lVEsj5RyDlKWjjdmJZA="}|3c2f3998-6735-11e9-bf24-c49ded8d7b5c
